[     794ms] [INFO] %cDownload the React DevTools for a better development experience: https://react.dev/link/react-devtools font-weight:bold @ http://localhost:5173/node_modules/.vite/deps/react-dom_client.js?v=b9e14ce0:20100
[ 2291663ms] [INFO] %cDownload the React DevTools for a better development experience: https://react.dev/link/react-devtools font-weight:bold @ http://localhost:5173/node_modules/.vite/deps/react-dom_client.js?v=b9e14ce0:20100
[ 2318761ms] [LOG] [vite] server connection lost. Polling for restart... @ http://localhost:5173/@vite/client:963
[ 2319702ms] [INFO] %cDownload the React DevTools for a better development experience: https://react.dev/link/react-devtools font-weight:bold @ http://localhost:5173/node_modules/.vite/deps/react-dom_client.js?v=b9e14ce0:20100
[16130238ms] [ERROR] Failed to load resource: the server responded with a status of 500 (Internal Server Error) @ http://localhost:5173/src/components/BattleBoard.tsx?t=1782974693605:0
[16130296ms] [ERROR] [vite] Failed to reload /src/components/BattleBoard.tsx. This could be due to syntax errors or importing non-existent modules. (see errors above) @ http://localhost:5173/@vite/client:881
[30902274ms] [ERROR] Failed to load resource: the server responded with a status of 500 (Internal Server Error) @ http://localhost:5173/src/skillIcons.ts?t=1782989466537:0
[30902276ms] [ERROR] [vite] Failed to reload /src/components/HeroBattleCard.tsx. This could be due to syntax errors or importing non-existent modules. (see errors above) @ http://localhost:5173/@vite/client:881
[34358136ms] [LOG] [vite] server connection lost. Polling for restart... @ http://localhost:5173/@vite/client:963
[34358295ms] [ERROR] WebSocket connection to 'ws://localhost:5173/' failed:  @ http://localhost:5173/@vite/client:1034
[82332056ms] [INFO] %cDownload the React DevTools for a better development experience: https://react.dev/link/react-devtools font-weight:bold @ http://localhost:5173/node_modules/.vite/deps/react-dom_client.js?v=b9e14ce0:20100
[83878527ms] [ERROR] Failed to load resource: the server responded with a status of 500 (Internal Server Error) @ http://localhost:5173/src/stores/battleStore.ts?t=1783042443143:0
[83878530ms] [ERROR] [vite] Failed to reload /src/components/battle/FloatingPrompts.tsx. This could be due to syntax errors or importing non-existent modules. (see errors above) @ http://localhost:5173/@vite/client:881
[83878530ms] [ERROR] [vite] Failed to reload /src/components/battle/PlayerHand.tsx. This could be due to syntax errors or importing non-existent modules. (see errors above) @ http://localhost:5173/@vite/client:881
[83878530ms] [ERROR] [vite] Failed to reload /src/components/BattleBoard.tsx. This could be due to syntax errors or importing non-existent modules. (see errors above) @ http://localhost:5173/@vite/client:881
[83878531ms] [ERROR] [vite] Failed to reload /src/components/battle/SkillBar.tsx. This could be due to syntax errors or importing non-existent modules. (see errors above) @ http://localhost:5173/@vite/client:881
[83878531ms] [ERROR] [vite] Failed to reload /src/components/battle/BattleOverlays.tsx. This could be due to syntax errors or importing non-existent modules. (see errors above) @ http://localhost:5173/@vite/client:881
[83878542ms] [ERROR] [vite] Failed to reload /src/components/BattleLog.tsx. This could be due to syntax errors or importing non-existent modules. (see errors above) @ http://localhost:5173/@vite/client:881
[83878543ms] [ERROR] [vite] Failed to reload /src/components/HeroBattleCard.tsx. This could be due to syntax errors or importing non-existent modules. (see errors above) @ http://localhost:5173/@vite/client:881
[83878543ms] [ERROR] [vite] Failed to reload /src/components/battle/PlayerHeroCard.tsx. This could be due to syntax errors or importing non-existent modules. (see errors above) @ http://localhost:5173/@vite/client:881
[83878543ms] [ERROR] [vite] Failed to reload /src/components/battle/BattleField.tsx. This could be due to syntax errors or importing non-existent modules. (see errors above) @ http://localhost:5173/@vite/client:881
[83878543ms] [ERROR] [vite] Failed to reload /src/pages/BattlePage.tsx. This could be due to syntax errors or importing non-existent modules. (see errors above) @ http://localhost:5173/@vite/client:881
[83923293ms] [ERROR] Failed to load resource: the server responded with a status of 500 (Internal Server Error) @ http://localhost:5173/src/stores/battleStore.ts?t=1783042487839:0
[83923301ms] [ERROR] [vite] Failed to reload /src/components/battle/PlayerHeroCard.tsx. This could be due to syntax errors or importing non-existent modules. (see errors above) @ http://localhost:5173/@vite/client:881
[83923301ms] [ERROR] [vite] Failed to reload /src/components/battle/PlayerHand.tsx. This could be due to syntax errors or importing non-existent modules. (see errors above) @ http://localhost:5173/@vite/client:881
[83923301ms] [ERROR] [vite] Failed to reload /src/components/HeroBattleCard.tsx. This could be due to syntax errors or importing non-existent modules. (see errors above) @ http://localhost:5173/@vite/client:881
[83923301ms] [ERROR] [vite] Failed to reload /src/components/BattleLog.tsx. This could be due to syntax errors or importing non-existent modules. (see errors above) @ http://localhost:5173/@vite/client:881
[83923301ms] [ERROR] [vite] Failed to reload /src/components/battle/BattleField.tsx. This could be due to syntax errors or importing non-existent modules. (see errors above) @ http://localhost:5173/@vite/client:881
[83923302ms] [ERROR] [vite] Failed to reload /src/pages/BattlePage.tsx. This could be due to syntax errors or importing non-existent modules. (see errors above) @ http://localhost:5173/@vite/client:881
[83923302ms] [ERROR] [vite] Failed to reload /src/components/BattleBoard.tsx. This could be due to syntax errors or importing non-existent modules. (see errors above) @ http://localhost:5173/@vite/client:881
[83923302ms] [ERROR] [vite] Failed to reload /src/components/battle/BattleOverlays.tsx. This could be due to syntax errors or importing non-existent modules. (see errors above) @ http://localhost:5173/@vite/client:881
[83923302ms] [ERROR] [vite] Failed to reload /src/components/battle/SkillBar.tsx. This could be due to syntax errors or importing non-existent modules. (see errors above) @ http://localhost:5173/@vite/client:881
[83923302ms] [ERROR] [vite] Failed to reload /src/components/battle/FloatingPrompts.tsx. This could be due to syntax errors or importing non-existent modules. (see errors above) @ http://localhost:5173/@vite/client:881
[83952547ms] [ERROR] Failed to load resource: the server responded with a status of 500 (Internal Server Error) @ http://localhost:5173/src/stores/battleStore.ts?t=1783042517111:0
[83952550ms] [ERROR] [vite] Failed to reload /src/components/BattleLog.tsx. This could be due to syntax errors or importing non-existent modules. (see errors above) @ http://localhost:5173/@vite/client:881
[83952551ms] [ERROR] [vite] Failed to reload /src/components/battle/PlayerHand.tsx. This could be due to syntax errors or importing non-existent modules. (see errors above) @ http://localhost:5173/@vite/client:881
[83952551ms] [ERROR] [vite] Failed to reload /src/pages/BattlePage.tsx. This could be due to syntax errors or importing non-existent modules. (see errors above) @ http://localhost:5173/@vite/client:881
[83952551ms] [ERROR] [vite] Failed to reload /src/components/battle/PlayerHeroCard.tsx. This could be due to syntax errors or importing non-existent modules. (see errors above) @ http://localhost:5173/@vite/client:881
[83952551ms] [ERROR] [vite] Failed to reload /src/components/HeroBattleCard.tsx. This could be due to syntax errors or importing non-existent modules. (see errors above) @ http://localhost:5173/@vite/client:881
[83952551ms] [ERROR] [vite] Failed to reload /src/components/battle/SkillBar.tsx. This could be due to syntax errors or importing non-existent modules. (see errors above) @ http://localhost:5173/@vite/client:881
[83952551ms] [ERROR] [vite] Failed to reload /src/components/BattleBoard.tsx. This could be due to syntax errors or importing non-existent modules. (see errors above) @ http://localhost:5173/@vite/client:881
[83952551ms] [ERROR] [vite] Failed to reload /src/components/battle/FloatingPrompts.tsx. This could be due to syntax errors or importing non-existent modules. (see errors above) @ http://localhost:5173/@vite/client:881
[83952551ms] [ERROR] [vite] Failed to reload /src/components/battle/BattleOverlays.tsx. This could be due to syntax errors or importing non-existent modules. (see errors above) @ http://localhost:5173/@vite/client:881
[83952551ms] [ERROR] [vite] Failed to reload /src/components/battle/BattleField.tsx. This could be due to syntax errors or importing non-existent modules. (see errors above) @ http://localhost:5173/@vite/client:881
[84448769ms] [ERROR] Failed to load resource: the server responded with a status of 500 (Internal Server Error) @ http://localhost:5173/src/stores/battleStore.ts?t=1783043013167:0
[84448773ms] [ERROR] [vite] Failed to reload /src/components/HeroBattleCard.tsx. This could be due to syntax errors or importing non-existent modules. (see errors above) @ http://localhost:5173/@vite/client:881
[84448773ms] [ERROR] [vite] Failed to reload /src/components/BattleBoard.tsx. This could be due to syntax errors or importing non-existent modules. (see errors above) @ http://localhost:5173/@vite/client:881
[84448773ms] [ERROR] [vite] Failed to reload /src/pages/BattlePage.tsx. This could be due to syntax errors or importing non-existent modules. (see errors above) @ http://localhost:5173/@vite/client:881
[84448773ms] [ERROR] [vite] Failed to reload /src/components/BattleLog.tsx. This could be due to syntax errors or importing non-existent modules. (see errors above) @ http://localhost:5173/@vite/client:881
[84448774ms] [ERROR] [vite] Failed to reload /src/components/battle/SkillBar.tsx. This could be due to syntax errors or importing non-existent modules. (see errors above) @ http://localhost:5173/@vite/client:881
[84448774ms] [ERROR] [vite] Failed to reload /src/components/battle/PlayerHeroCard.tsx. This could be due to syntax errors or importing non-existent modules. (see errors above) @ http://localhost:5173/@vite/client:881
[84448790ms] [ERROR] [vite] Failed to reload /src/components/battle/BattleField.tsx. This could be due to syntax errors or importing non-existent modules. (see errors above) @ http://localhost:5173/@vite/client:881
[84448791ms] [ERROR] [vite] Failed to reload /src/components/battle/BattleOverlays.tsx. This could be due to syntax errors or importing non-existent modules. (see errors above) @ http://localhost:5173/@vite/client:881
[84448791ms] [ERROR] [vite] Failed to reload /src/components/battle/PlayerHand.tsx. This could be due to syntax errors or importing non-existent modules. (see errors above) @ http://localhost:5173/@vite/client:881
[84448791ms] [ERROR] [vite] Failed to reload /src/components/battle/FloatingPrompts.tsx. This could be due to syntax errors or importing non-existent modules. (see errors above) @ http://localhost:5173/@vite/client:881
[91684061ms] [ERROR] Failed to load resource: the server responded with a status of 500 (Internal Server Error) @ http://localhost:5173/src/stores/battleStore.ts?t=1783050248447:0
[91684100ms] [ERROR] [vite] Failed to reload /src/components/battle/FloatingPrompts.tsx. This could be due to syntax errors or importing non-existent modules. (see errors above) @ http://localhost:5173/@vite/client:881
[91684100ms] [ERROR] [vite] Failed to reload /src/components/battle/PlayerHand.tsx. This could be due to syntax errors or importing non-existent modules. (see errors above) @ http://localhost:5173/@vite/client:881
[91684100ms] [ERROR] [vite] Failed to reload /src/components/BattleBoard.tsx. This could be due to syntax errors or importing non-existent modules. (see errors above) @ http://localhost:5173/@vite/client:881
[91684101ms] [ERROR] [vite] Failed to reload /src/components/BattleLog.tsx. This could be due to syntax errors or importing non-existent modules. (see errors above) @ http://localhost:5173/@vite/client:881
[91684101ms] [ERROR] [vite] Failed to reload /src/components/HeroBattleCard.tsx. This could be due to syntax errors or importing non-existent modules. (see errors above) @ http://localhost:5173/@vite/client:881
[91684101ms] [ERROR] [vite] Failed to reload /src/components/battle/BattleOverlays.tsx. This could be due to syntax errors or importing non-existent modules. (see errors above) @ http://localhost:5173/@vite/client:881
[91684101ms] [ERROR] [vite] Failed to reload /src/pages/BattlePage.tsx. This could be due to syntax errors or importing non-existent modules. (see errors above) @ http://localhost:5173/@vite/client:881
[91684101ms] [ERROR] [vite] Failed to reload /src/components/battle/BattleField.tsx. This could be due to syntax errors or importing non-existent modules. (see errors above) @ http://localhost:5173/@vite/client:881
[91684101ms] [ERROR] [vite] Failed to reload /src/components/battle/PlayerHeroCard.tsx. This could be due to syntax errors or importing non-existent modules. (see errors above) @ http://localhost:5173/@vite/client:881
[91684102ms] [ERROR] [vite] Failed to reload /src/components/battle/SkillBar.tsx. This could be due to syntax errors or importing non-existent modules. (see errors above) @ http://localhost:5173/@vite/client:881
[96655141ms] [LOG] [vite] server connection lost. Polling for restart... @ http://localhost:5173/@vite/client:963
[96655169ms] [ERROR] WebSocket connection to 'ws://localhost:5173/' failed:  @ http://localhost:5173/@vite/client:1034
[97051893ms] [INFO] %cDownload the React DevTools for a better development experience: https://react.dev/link/react-devtools font-weight:bold @ http://localhost:5173/node_modules/.vite/deps/react-dom_client.js?v=b9e14ce0:20100
